PLINK v1.90b3 64-bit (11 Jan 2015)
7 arguments: --bfile genotypes.11.EUR --bmerge genotypes.11.AFR --make-bed --out genotypes.11
Hostname: huntingtin.1425mad.mssm.edu
Working directory: /Users/marcoe02/marcora.github.io/methods/gwas
Start time: Thu Aug  6 19:35:02 2015

Random number seed: 1438904102
16384 MB RAM detected; reserving 8192 MB for main workspace.
444 people loaded from genotypes.11.EUR.fam.
444 people to be merged from genotypes.11.AFR.fam.
Of these, 0 are new, while 444 are present in the base dataset.
42435 markers loaded from genotypes.11.EUR.bim.
42435 markers to be merged from genotypes.11.AFR.bim.
Of these, 0 are new, while 42435 are present in the base dataset.
Performing single-pass merge (444 people, 42435 variants).
Merged fileset written to genotypes.11-merge.bed + genotypes.11-merge.bim +
genotypes.11-merge.fam .
42435 variants loaded from .bim file.
444 people (223 males, 221 females) loaded from .fam.
Using 1 thread (no multithreaded calculations invoked).
Before main variant filters, 443 founders and 1 nonfounder present.
Calculating allele frequencies... done.
Total genotyping rate is 0.99988.
42435 variants and 444 people pass filters and QC.
Note: No phenotypes present.
--make-bed to genotypes.11.bed + genotypes.11.bim + genotypes.11.fam ... done.

End time: Thu Aug  6 19:35:02 2015
