PLINK v1.90b3 64-bit (11 Jan 2015)
7 arguments: --bfile genotypes.04.EUR --bmerge genotypes.04.AFR --make-bed --out genotypes.04
Hostname: huntingtin.1425mad.mssm.edu
Working directory: /Users/marcoe02/marcora.github.io/methods/gwas
Start time: Thu Aug  6 19:33:31 2015

Random number seed: 1438904011
16384 MB RAM detected; reserving 8192 MB for main workspace.
198 people loaded from genotypes.04.EUR.fam.
252 people to be merged from genotypes.04.AFR.fam.
Of these, 252 are new, while 0 are present in the base dataset.
42431 markers loaded from genotypes.04.EUR.bim.
42429 markers to be merged from genotypes.04.AFR.bim.
Of these, 4 are new, while 42425 are present in the base dataset.
Performing single-pass merge (450 people, 42435 variants).
Merged fileset written to genotypes.04-merge.bed + genotypes.04-merge.bim +
genotypes.04-merge.fam .
42435 variants loaded from .bim file.
450 people (226 males, 224 females) loaded from .fam.
Using 1 thread (no multithreaded calculations invoked).
Before main variant filters, 449 founders and 1 nonfounder present.
Calculating allele frequencies... done.
Total genotyping rate is 0.999879.
42435 variants and 450 people pass filters and QC.
Note: No phenotypes present.
--make-bed to genotypes.04.bed + genotypes.04.bim + genotypes.04.fam ... done.

End time: Thu Aug  6 19:33:31 2015
